High Fidelity Prototype/app/build/intermediates/manifest_merge_blame_file/debug/manifest-merger-blame-debug-report.txt
1<?xml version="1.0" encoding="utf-8"?>
2<manifest xmlns:android="http://schemas.android.com/apk/res/android"
3    package="com.example.okboomerprototype"
4    android:versionCode="1"
5    android:versionName="1.0" >
6
7    <uses-sdk
8        android:minSdkVersion="15"
8-->src/main/AndroidManifest.xml
9        android:targetSdkVersion="29" />
9-->src/main/AndroidManifest.xml
10    <!--
11         The ACCESS_COARSE/FINE_LOCATION permissions are not required to use
12         Google Maps Android API v2, but you must specify either coarse or fine
13         location permissions for the 'MyLocation' functionality.
14    -->
15    <uses-permission android:name="android.permission.ACCESS_FINE_LOCATION" />
15-->src/main/AndroidManifest.xml:9:5-79
15-->src/main/AndroidManifest.xml:9:22-76
16
17    <uses-feature
17-->src/main/AndroidManifest.xml:11:5-13:35
18        android:name="android.hardware.camera"
18-->src/main/AndroidManifest.xml:12:9-47
19        android:required="true" />
19-->src/main/AndroidManifest.xml:13:9-32
20
21    <uses-permission android:name="android.permission.CAMERA" />
21-->src/main/AndroidManifest.xml:15:5-65
21-->src/main/AndroidManifest.xml:15:22-62
22    <uses-permission android:name="android.permission.ACCESS_FINE_LOCATION" /> <!-- EXTERNAL_STORAGE permissions are optional for Android 6.0 onwards. -->
22-->src/main/AndroidManifest.xml:9:5-79
22-->src/main/AndroidManifest.xml:9:22-76
23    <uses-permission android:name="android.permission.ACCESS_COARSE_LOCATION" />
23-->src/main/AndroidManifest.xml:17:5-81
23-->src/main/AndroidManifest.xml:17:22-78
24    <uses-permission
24-->src/main/AndroidManifest.xml:18:5-20:38
25        android:name="android.permission.WRITE_EXTERNAL_STORAGE"
25-->src/main/AndroidManifest.xml:19:9-65
26        android:maxSdkVersion="22" />
26-->src/main/AndroidManifest.xml:20:9-35
27    <uses-permission
27-->src/main/AndroidManifest.xml:21:5-23:38
28        android:name="android.permission.READ_EXTERNAL_STORAGE"
28-->src/main/AndroidManifest.xml:22:9-64
29        android:maxSdkVersion="22" />
29-->src/main/AndroidManifest.xml:23:9-35
30
31    <!-- Include required permissions for Google Maps API to run. -->
32    <uses-permission android:name="android.permission.ACCESS_NETWORK_STATE" />
32-->[com.google.android.gms:play-services-maps:17.0.0] AndroidManifest.xml:23:5-79
32-->[com.google.android.gms:play-services-maps:17.0.0] AndroidManifest.xml:23:22-76
33    <uses-permission android:name="android.permission.INTERNET" />
33-->[com.google.android.gms:play-services-maps:17.0.0] AndroidManifest.xml:24:5-67
33-->[com.google.android.gms:play-services-maps:17.0.0] AndroidManifest.xml:24:22-64
34
35    <uses-feature
35-->[com.google.android.gms:play-services-maps:17.0.0] AndroidManifest.xml:26:5-28:35
36        android:glEsVersion="0x00020000"
36-->[com.google.android.gms:play-services-maps:17.0.0] AndroidManifest.xml:27:9-41
37        android:required="true" />
37-->[com.google.android.gms:play-services-maps:17.0.0] AndroidManifest.xml:28:9-32
38
39    <application
39-->src/main/AndroidManifest.xml:25:5-78:19
40        android:allowBackup="true"
40-->src/main/AndroidManifest.xml:26:9-35
41        android:appComponentFactory="androidx.core.app.CoreComponentFactory"
41-->[androidx.core:core:1.1.0] AndroidManifest.xml:24:18-86
42        android:debuggable="true"
43        android:icon="@mipmap/ic_launcher"
43-->src/main/AndroidManifest.xml:27:9-43
44        android:label="@string/app_name"
44-->src/main/AndroidManifest.xml:28:9-41
45        android:roundIcon="@mipmap/ic_launcher_round"
45-->src/main/AndroidManifest.xml:29:9-54
46        android:supportsRtl="true"
46-->src/main/AndroidManifest.xml:30:9-35
47        android:testOnly="true"
48        android:theme="@style/AppTheme" >
48-->src/main/AndroidManifest.xml:31:9-40
49        <activity android:name="com.example.okboomerprototype.create_account_bio" />
49-->src/main/AndroidManifest.xml:32:9-65
49-->src/main/AndroidManifest.xml:32:19-53
50        <activity android:name="com.example.okboomerprototype.other_user_profile" />
50-->src/main/AndroidManifest.xml:33:9-56
50-->src/main/AndroidManifest.xml:33:19-53
51        <activity android:name="com.example.okboomerprototype.create_account4" />
51-->src/main/AndroidManifest.xml:34:9-53
51-->src/main/AndroidManifest.xml:34:19-50
52        <activity android:name="com.example.okboomerprototype.create_account3" />
52-->src/main/AndroidManifest.xml:35:9-53
52-->src/main/AndroidManifest.xml:35:19-50
53        <activity android:name="com.example.okboomerprototype.create_account2" />
53-->src/main/AndroidManifest.xml:36:9-53
53-->src/main/AndroidManifest.xml:36:19-50
54        <activity android:name="com.example.okboomerprototype.forgot_Password" />
54-->src/main/AndroidManifest.xml:37:9-53
54-->src/main/AndroidManifest.xml:37:19-50
55        <activity android:name="com.example.okboomerprototype.create_account" />
55-->src/main/AndroidManifest.xml:38:9-52
55-->src/main/AndroidManifest.xml:38:19-49
56        <activity android:name="com.example.okboomerprototype.login" />
56-->src/main/AndroidManifest.xml:39:9-43
56-->src/main/AndroidManifest.xml:39:19-40
57        <!--
58             The API key for Google Maps-based APIs is defined as a string resource.
59             (See the file "res/values/google_maps_api.xml").
60             Note that the API key is linked to the encryption key used to sign the APK.
61             You need a different API key for each encryption key, including the release key that is used to
62             sign the APK for publishing.
63             You can define the keys for the debug and release targets in src/debug/ and src/release/.
64        -->
65        <meta-data
65-->src/main/AndroidManifest.xml:48:9-50:69
66            android:name="com.google.android.gms.version"
66-->src/main/AndroidManifest.xml:49:13-58
67            android:value="@integer/google_play_services_version" />
67-->src/main/AndroidManifest.xml:50:13-66
68        <meta-data
68-->src/main/AndroidManifest.xml:51:9-53:55
69            android:name="com.google.android.geo.API_KEY"
69-->src/main/AndroidManifest.xml:52:13-58
70            android:value="@string/google_maps_key" />
70-->src/main/AndroidManifest.xml:53:13-52
71
72        <activity
72-->src/main/AndroidManifest.xml:55:9-57:59
73            android:name="com.example.okboomerprototype.MapsActivity"
73-->src/main/AndroidManifest.xml:56:13-41
74            android:label="@string/title_activity_maps" />
74-->src/main/AndroidManifest.xml:57:13-56
75        <activity android:name="com.example.okboomerprototype.help_doc" />
75-->src/main/AndroidManifest.xml:58:9-46
75-->src/main/AndroidManifest.xml:58:19-43
76        <activity android:name="com.example.okboomerprototype.contact_us" />
76-->src/main/AndroidManifest.xml:59:9-48
76-->src/main/AndroidManifest.xml:59:19-45
77        <activity android:name="com.example.okboomerprototype.help_me" />
77-->src/main/AndroidManifest.xml:60:9-45
77-->src/main/AndroidManifest.xml:60:19-42
78        <activity android:name="com.example.okboomerprototype.edit_profile" />
78-->src/main/AndroidManifest.xml:61:9-50
78-->src/main/AndroidManifest.xml:61:19-47
79        <activity android:name="com.example.okboomerprototype.settings" />
79-->src/main/AndroidManifest.xml:62:9-46
79-->src/main/AndroidManifest.xml:62:19-43
80        <activity android:name="com.example.okboomerprototype.profilePage" />
80-->src/main/AndroidManifest.xml:63:9-49
80-->src/main/AndroidManifest.xml:63:19-46
81        <activity android:name="com.example.okboomerprototype.send_message" />
81-->src/main/AndroidManifest.xml:64:9-50
81-->src/main/AndroidManifest.xml:64:19-47
82        <activity android:name="com.example.okboomerprototype.match_confirmation" />
82-->src/main/AndroidManifest.xml:65:9-56
82-->src/main/AndroidManifest.xml:65:19-53
83        <activity android:name="com.example.okboomerprototype.takeSelfie" />
83-->src/main/AndroidManifest.xml:66:9-48
83-->src/main/AndroidManifest.xml:66:19-45
84        <activity android:name="com.example.okboomerprototype.matchScreen" />
84-->src/main/AndroidManifest.xml:67:9-49
84-->src/main/AndroidManifest.xml:67:19-46
85        <activity android:name="com.example.okboomerprototype.specific_chat" />
85-->src/main/AndroidManifest.xml:68:9-51
85-->src/main/AndroidManifest.xml:68:19-48
86        <activity android:name="com.example.okboomerprototype.message_general" />
86-->src/main/AndroidManifest.xml:69:9-53
86-->src/main/AndroidManifest.xml:69:19-50
87        <activity android:name="com.example.okboomerprototype.mainSelection" />
87-->src/main/AndroidManifest.xml:70:9-51
87-->src/main/AndroidManifest.xml:70:19-48
88        <activity android:name="com.example.okboomerprototype.login_or_create" >
88-->src/main/AndroidManifest.xml:71:9-77:20
88-->src/main/AndroidManifest.xml:71:19-50
89            <intent-filter>
89-->src/main/AndroidManifest.xml:72:13-76:29
90                <action android:name="android.intent.action.MAIN" />
90-->src/main/AndroidManifest.xml:73:17-69
90-->src/main/AndroidManifest.xml:73:25-66
91
92                <category android:name="android.intent.category.LAUNCHER" />
92-->src/main/AndroidManifest.xml:75:17-77
92-->src/main/AndroidManifest.xml:75:27-74
93            </intent-filter>
94        </activity>
95        <!-- Needs to be explicitly declared on P+ -->
96        <uses-library
96-->[com.google.android.gms:play-services-maps:17.0.0] AndroidManifest.xml:33:9-35:40
97            android:name="org.apache.http.legacy"
97-->[com.google.android.gms:play-services-maps:17.0.0] AndroidManifest.xml:34:13-50
98            android:required="false" />
98-->[com.google.android.gms:play-services-maps:17.0.0] AndroidManifest.xml:35:13-37
99
100        <activity
100-->[com.google.android.gms:play-services-base:17.0.0] AndroidManifest.xml:23:9-26:75
101            android:name="com.google.android.gms.common.api.GoogleApiActivity"
101-->[com.google.android.gms:play-services-base:17.0.0] AndroidManifest.xml:24:13-79
102            android:exported="false"
102-->[com.google.android.gms:play-services-base:17.0.0] AndroidManifest.xml:25:13-37
103            android:theme="@android:style/Theme.Translucent.NoTitleBar" />
103-->[com.google.android.gms:play-services-base:17.0.0] AndroidManifest.xml:26:13-72
104
105        <provider
105-->[androidx.lifecycle:lifecycle-process:2.2.0] AndroidManifest.xml:25:9-29:43
106            android:name="androidx.lifecycle.ProcessLifecycleOwnerInitializer"
106-->[androidx.lifecycle:lifecycle-process:2.2.0] AndroidManifest.xml:26:13-79
107            android:authorities="com.example.okboomerprototype.lifecycle-process"
107-->[androidx.lifecycle:lifecycle-process:2.2.0] AndroidManifest.xml:27:13-69
108            android:exported="false"
108-->[androidx.lifecycle:lifecycle-process:2.2.0] AndroidManifest.xml:28:13-37
109            android:multiprocess="true" />
109-->[androidx.lifecycle:lifecycle-process:2.2.0] AndroidManifest.xml:29:13-40
110    </application>
111
112</manifest>